#
# A fatal error has been detected by the Java Runtime Environment:
#
#  EXCEPTION_ACCESS_VIOLATION (0xc0000005) at pc=0x000000006da2bbab, pid=2800, tid=8352
#
# JRE version: 6.0_45-b06
# Java VM: Java HotSpot(TM) 64-Bit Server VM (20.45-b01 mixed mode windows-amd64 compressed oops)
# Problematic frame:
# V  [jvm.dll+0x14bbab]
#
# If you would like to submit a bug report, please visit:
#   http://java.sun.com/webapps/bugreport/crash.jsp
#

---------------  T H R E A D  ---------------

Current thread (0x0000000006f5b800):  JavaThread "JDWP Transport Listener: dt_socket" daemon [_thread_in_vm, id=8352, stack(0x0000000008970000,0x0000000008a70000)]

siginfo: ExceptionCode=0xc0000005, reading address 0x000000000000003b

Registers:
RAX=0x0000000008a6f901, RBX=0x0000000006f5b800, RCX=0x000000000000003b, RDX=0x0000000006f5b800
RSP=0x0000000008a6f8e0, RBP=0x000000000000003b, RSI=0x0000000008a6f9c0, RDI=0x00000000002c8020
R8 =0x0000000008a6f9c0, R9 =0x0000000000000001, R10=0x0000000000000000, R11=0x0000000008a6fc06
R12=0x0000000000000001, R13=0x0000000000000000, R14=0x0000000000000000, R15=0x0000000000000000
RIP=0x000000006da2bbab, EFLAGS=0x0000000000010202

Top of Stack: (sp=0x0000000008a6f8e0)
0x0000000008a6f8e0:   0000000000000000 000000006d4f54d3
0x0000000008a6f8f0:   0000000008a6faf0 000000006dbed485
0x0000000008a6f900:   0000000006f5b800 000000006dc0c6fa
0x0000000008a6f910:   0000000000000000 0000000006f5b800
0x0000000008a6f920:   0000000008a6f9c0 000000006d4f0d69
0x0000000008a6f930:   0000000006f5b800 0000000000000000
0x0000000008a6f940:   0000000000000000 0000000000000000
0x0000000008a6f950:   0000000000000001 000000006d4eff6e
0x0000000008a6f960:   0000000008a6f9c0 0000000006f58978
0x0000000008a6f970:   0000000000000001 000000000000003b
0x0000000008a6f980:   0000000000000001 000000000000003b
0x0000000008a6f990:   0000000008a6faf0 000000006d4d4f64
0x0000000008a6f9a0:   0000000008a6faf0 9088ee060a000000
0x0000000008a6f9b0:   0000000006fa14a0 0000000000000000
0x0000000008a6f9c0:   0000000a08a6fa00 0000000000000000
0x0000000008a6f9d0:   0000000000000000 0000000000000000 

Instructions: (pc=0x000000006da2bbab)
0x000000006da2bb8b:   7c 24 48 48 83 c4 28 c3 cc cc cc cc cc cc cc cc
0x000000006da2bb9b:   cc cc cc cc cc 48 53 48 83 ec 20 48 85 c9 74 55
0x000000006da2bbab:   48 8b 19 48 85 db 74 4d 48 b8 fe fe fe fe fe fe
0x000000006da2bbbb:   fe fe 48 3b d8 74 3e 80 3d 07 2e 5f 00 00 74 16 


Register to memory mapping:

RAX=0x0000000008a6f901 is pointing into the stack for thread: 0x0000000006f5b800
RBX=0x0000000006f5b800 is a thread
RCX=0x000000000000003b is an unknown value
RDX=0x0000000006f5b800 is a thread
RSP=0x0000000008a6f8e0 is pointing into the stack for thread: 0x0000000006f5b800
RBP=0x000000000000003b is an unknown value
RSI=0x0000000008a6f9c0 is pointing into the stack for thread: 0x0000000006f5b800
RDI=0x00000000002c8020 is an unknown value
R8 =0x0000000008a6f9c0 is pointing into the stack for thread: 0x0000000006f5b800
R9 =0x0000000000000001 is an unknown value
R10=0x0000000000000000 is an unknown value
R11=0x0000000008a6fc06 is pointing into the stack for thread: 0x0000000006f5b800
R12=0x0000000000000001 is an unknown value
R13=0x0000000000000000 is an unknown value
R14=0x0000000000000000 is an unknown value
R15=0x0000000000000000 is an unknown value


Stack: [0x0000000008970000,0x0000000008a70000],  sp=0x0000000008a6f8e0,  free space=1022k
Native frames: (J=compiled Java code, j=interpreted, Vv=VM code, C=native code)
V  [jvm.dll+0x14bbab]


---------------  P R O C E S S  ---------------

Java Threads: ( => current thread )
  0x0000000006f6d800 JavaThread "Low Memory Detector" daemon [_thread_blocked, id=9188, stack(0x0000000008e70000,0x0000000008f70000)]
  0x0000000006f79000 JavaThread "C2 CompilerThread1" daemon [_thread_blocked, id=8344, stack(0x0000000008d70000,0x0000000008e70000)]
  0x0000000006f76800 JavaThread "C2 CompilerThread0" daemon [_thread_blocked, id=7064, stack(0x0000000008c70000,0x0000000008d70000)]
  0x0000000006f62000 JavaThread "JDWP Command Reader" daemon [_thread_in_native, id=9256, stack(0x0000000008b70000,0x0000000008c70000)]
  0x0000000006f5f000 JavaThread "JDWP Event Helper Thread" daemon [_thread_blocked, id=8172, stack(0x0000000008a70000,0x0000000008b70000)]
=>0x0000000006f5b800 JavaThread "JDWP Transport Listener: dt_socket" daemon [_thread_in_vm, id=8352, stack(0x0000000008970000,0x0000000008a70000)]
  0x0000000006f4d000 JavaThread "Attach Listener" daemon [_thread_blocked, id=4424, stack(0x0000000008330000,0x0000000008430000)]
  0x0000000006f4a000 JavaThread "Signal Dispatcher" daemon [_thread_blocked, id=5088, stack(0x0000000008230000,0x0000000008330000)]
  0x0000000006eef800 JavaThread "Finalizer" daemon [_thread_blocked, id=5864, stack(0x0000000008130000,0x0000000008230000)]
  0x0000000006eef000 JavaThread "Reference Handler" daemon [_thread_blocked, id=5124, stack(0x0000000008030000,0x0000000008130000)]
  0x00000000002cc000 JavaThread "main" [_thread_blocked, id=9712, stack(0x0000000002560000,0x0000000002660000)]

Other Threads:
  0x0000000006ee4000 VMThread [stack: 0x0000000007f30000,0x0000000008030000] [id=3236]
  0x0000000006f93000 WatcherThread [stack: 0x0000000008f70000,0x0000000009070000] [id=7396]

VM state:not at safepoint (normal execution)

VM Mutex/Monitor currently owned by a thread: None

Heap
 PSYoungGen      total 57280K, used 1966K [0x00000007c0160000, 0x00000007c4140000, 0x0000000800000000)
  eden space 49152K, 4% used [0x00000007c0160000,0x00000007c034b880,0x00000007c3160000)
  from space 8128K, 0% used [0x00000007c3950000,0x00000007c3950000,0x00000007c4140000)
  to   space 8128K, 0% used [0x00000007c3160000,0x00000007c3160000,0x00000007c3950000)
 PSOldGen        total 130944K, used 0K [0x0000000740400000, 0x00000007483e0000, 0x00000007c0160000)
  object space 130944K, 0% used [0x0000000740400000,0x0000000740400000,0x00000007483e0000)
 PSPermGen       total 21248K, used 2641K [0x000000073b200000, 0x000000073c6c0000, 0x0000000740400000)
  object space 21248K, 12% used [0x000000073b200000,0x000000073b494420,0x000000073c6c0000)

Code Cache  [0x0000000002660000, 0x00000000028d0000, 0x0000000005660000)
 total_blobs=147 nmethods=0 adapters=122 free_code_cache=49953344 largest_free_block=384

Dynamic libraries:
0x0000000000400000 - 0x000000000042f000 	C:\Java\jdk6u45\jre\bin\javaw.exe
0x0000000077520000 - 0x00000000776c9000 	C:\Windows\SYSTEM32\ntdll.dll
0x0000000077400000 - 0x000000007751f000 	C:\Windows\system32\kernel32.dll
0x000007fefd640000 - 0x000007fefd6ab000 	C:\Windows\system32\KERNELBASE.dll
0x000007fefea10000 - 0x000007fefeaeb000 	C:\Windows\system32\ADVAPI32.dll
0x000007fefe950000 - 0x000007fefe9ef000 	C:\Windows\system32\msvcrt.dll
0x000007fefe9f0000 - 0x000007fefea0f000 	C:\Windows\SYSTEM32\sechost.dll
0x000007feff1c0000 - 0x000007feff2ed000 	C:\Windows\system32\RPCRT4.dll
0x0000000077300000 - 0x00000000773fa000 	C:\Windows\system32\USER32.dll
0x000007fefebe0000 - 0x000007fefec47000 	C:\Windows\system32\GDI32.dll
0x000007fefd9c0000 - 0x000007fefd9ce000 	C:\Windows\system32\LPK.dll
0x000007fefda70000 - 0x000007fefdb39000 	C:\Windows\system32\USP10.dll
0x000007fefefb0000 - 0x000007fefefde000 	C:\Windows\system32\IMM32.DLL
0x000007fefee00000 - 0x000007fefef09000 	C:\Windows\system32\MSCTF.dll
0x000007fefd2e0000 - 0x000007fefd2f7000 	C:\Windows\system32\AMINIT64.DLL
0x000000006d8e0000 - 0x000000006e09c000 	C:\Java\jdk6u45\jre\bin\server\jvm.dll
0x000007fefb3d0000 - 0x000007fefb40b000 	C:\Windows\system32\WINMM.dll
0x000000006d850000 - 0x000000006d85e000 	C:\Java\jdk6u45\jre\bin\verify.dll
0x000000006d460000 - 0x000000006d487000 	C:\Java\jdk6u45\jre\bin\java.dll
0x000000006d4d0000 - 0x000000006d504000 	C:\Java\jdk6u45\jre\bin\jdwp.dll
0x000000006d6f0000 - 0x000000006d6f8000 	C:\Java\jdk6u45\jre\bin\npt.dll
0x000000006d8a0000 - 0x000000006d8b2000 	C:\Java\jdk6u45\jre\bin\zip.dll
0x000000006d310000 - 0x000000006d319000 	C:\Java\jdk6u45\jre\bin\dt_socket.dll
0x000007fefedb0000 - 0x000007fefedfd000 	C:\Windows\system32\WS2_32.dll
0x000007fefebd0000 - 0x000007fefebd8000 	C:\Windows\system32\NSI.dll
0x000007fefb340000 - 0x000007fefb355000 	C:\Windows\system32\NLAapi.dll
0x000007fef9360000 - 0x000007fef9375000 	C:\Windows\system32\napinsp.dll
0x000007fef9320000 - 0x000007fef9339000 	C:\Windows\system32\pnrpnsp.dll
0x000007fefcb50000 - 0x000007fefcba5000 	C:\Windows\System32\mswsock.dll
0x000007fefc9d0000 - 0x000007fefca2b000 	C:\Windows\system32\DNSAPI.dll
0x000007fef9350000 - 0x000007fef935b000 	C:\Windows\System32\winrnr.dll
0x000007fefb240000 - 0x000007fefb267000 	C:\Windows\system32\IPHLPAPI.DLL
0x000007fefb230000 - 0x000007fefb23b000 	C:\Windows\system32\WINNSI.DLL
0x000007fefb070000 - 0x000007fefb0c3000 	C:\Windows\System32\fwpuclnt.dll
0x000007fefa290000 - 0x000007fefa298000 	C:\Windows\system32\rasadhlp.dll
0x000007fefc4e0000 - 0x000007fefc4e7000 	C:\Windows\System32\wshtcpip.dll
0x00000000776f0000 - 0x00000000776f7000 	C:\Windows\system32\PSAPI.DLL

VM Arguments:
jvm_args: -agentlib:jdwp=transport=dt_socket,suspend=y,address=localhost:53596 -Dfile.encoding=Cp1252 
java_command: problem43.SubStringDivisibility
Launcher Type: SUN_STANDARD

Environment Variables:
JAVA_HOME=C:\Java\jdk7u40
PATH=C:\Java\jdk6u45\jre\bin;C:\Java\jdk7u40/bin;C:\cygwin\bin;C:\Windows\system32;C:\Windows;C:\Windows\System32\Wbem;C:\Windows\System32\WindowsPowerShell\v1.0\;C:\Program Files\apache-maven-3.0.5\bin;C:\Program Files\TortoiseSVN\bin;C:\Program Files\SlikSvn\bin\;C:\Program Files (x86)\PHP\;C:\ProgramData\Composer\bin;C:\Program Files (x86)\Git\cmd;C:\Program Files\BMC BladeLogic\OM\bin
USERNAME=danielt
OS=Windows_NT
PROCESSOR_IDENTIFIER=Intel64 Family 6 Model 44 Stepping 2, GenuineIntel



---------------  S Y S T E M  ---------------

OS: Windows 7 , 64 bit Build 7601 Service Pack 1

CPU:total 16 (4 cores per cpu, 2 threads per core) family 6 model 44 stepping 2, cmov, cx8, fxsr, mmx, sse, sse2, sse3, ssse3, sse4.1, sse4.2, popcnt, ht

Memory: 4k page, physical 12565732k(8511048k free), swap 25129604k(15926604k free)

vm_info: Java HotSpot(TM) 64-Bit Server VM (20.45-b01) for windows-amd64 JRE (1.6.0_45-b06), built on Apr  1 2013 12:31:37 by "java_re" with MS VC++ 8.0 (VS2005)

time: Fri Dec 27 16:40:12 2013
elapsed time: 57 seconds

